<?xml version="1.0" encoding="UTF-8"?>
<beans xmlns="http://www.springframework.org/schema/beans" xmlns:aop="http://www.springframework.org/schema/aop"
	xmlns:tx="http://www.springframework.org/schema/tx" xmlns:p="http://www.springframework.org/schema/p"
	xmlns:xsi="http://www.w3.org/2001/XMLSchema-instance"
	xsi:schemaLocation="
		http://www.springframework.org/schema/beans https://www.springframework.org/schema/beans/spring-beans.xsd
		http://www.springframework.org/schema/aop https://www.springframework.org/schema/aop/spring-aop.xsd
		http://www.springframework.org/schema/tx https://www.springframework.org/schema/tx/spring-tx.xsd">

	<bean id="jobLauncher"
		class="org.springframework.batch.core.launch.support.CommandLineJobRunnerTests$StubJobLauncher"
		destroy-method="destroy" />
		
	<bean id="jobRepository" class="org.springframework.batch.core.launch.support.CommandLineJobRunnerTests$StubJobRepository"/>

	<bean class="org.springframework.batch.core.launch.support.SimpleJvmExitCodeMapper" />

	<bean class="org.springframework.batch.core.launch.support.CommandLineJobRunnerTests$StubJobExplorer" />

	<bean class="org.springframework.batch.core.launch.support.CommandLineJobRunnerTests$StubSystemExiter" />

	<bean class="org.springframework.batch.core.launch.support.CommandLineJobRunnerTests$StubJobParametersConverter" />

</beans>
